<?xml version="1.0" encoding="UTF-8"?>
<!-- Generated by org.testng.reporters.JUnitReportReporter -->
<testsuite hostname="DESKTOP-I63OPVV" name="login.login" tests="1" failures="0" timestamp="25 Mar 2019 03:19:30 GMT" time="7.659" errors="0">
  <testcase name="login1" time="7.659" classname="login.login"/>
</testsuite> <!-- login.login -->
